launcher/build/intermediates/manifest_merge_blame_file/debug/processDebugMainManifest/manifest-merger-blame-debug-report.txt
1<?xml version="1.0" encoding="utf-8"?>
2<manifest xmlns:android="http://schemas.android.com/apk/res/android"
3    package="com.vuforia.engine.VuforiaEngine"
4    android:installLocation="preferExternal"
5    android:versionCode="1144"
6    android:versionName="11.4.4" >
7
8    <uses-sdk
9        android:minSdkVersion="29"
10        android:targetSdkVersion="36" />
11
12    <supports-screens
12-->src\main\AndroidManifest.xml:4:3-163
13        android:anyDensity="true"
13-->src\main\AndroidManifest.xml:4:135-160
14        android:largeScreens="true"
14-->src\main\AndroidManifest.xml:4:78-105
15        android:normalScreens="true"
15-->src\main\AndroidManifest.xml:4:49-77
16        android:smallScreens="true"
16-->src\main\AndroidManifest.xml:4:21-48
17        android:xlargeScreens="true" />
17-->src\main\AndroidManifest.xml:4:106-134
18
19    <uses-permission android:name="android.permission.INTERNET" />
19-->[:unityLibrary] AndroidManifest.xml:8:5-67
19-->[:unityLibrary] AndroidManifest.xml:8:22-64
20    <uses-permission android:name="android.permission.CAMERA" />
20-->[:unityLibrary] AndroidManifest.xml:9:5-65
20-->[:unityLibrary] AndroidManifest.xml:9:22-62
21
22    <uses-feature android:glEsVersion="0x00030000" />
22-->[:unityLibrary] AndroidManifest.xml:11:5-54
22-->[:unityLibrary] AndroidManifest.xml:11:19-51
23    <uses-feature
23-->[:unityLibrary] AndroidManifest.xml:12:5-14:36
24        android:name="android.hardware.camera"
24-->[:unityLibrary] AndroidManifest.xml:13:9-47
25        android:required="true" />
25-->[:unityLibrary] AndroidManifest.xml:14:9-33
26    <uses-feature
26-->[:unityLibrary] AndroidManifest.xml:15:5-17:36
27        android:name="android.hardware.camera.autofocus"
27-->[:unityLibrary] AndroidManifest.xml:16:9-57
28        android:required="false" />
28-->[:unityLibrary] AndroidManifest.xml:17:9-33
29    <uses-feature
29-->[:unityLibrary] AndroidManifest.xml:18:5-20:36
30        android:name="android.hardware.camera.front"
30-->[:unityLibrary] AndroidManifest.xml:19:9-53
31        android:required="false" />
31-->[:unityLibrary] AndroidManifest.xml:20:9-33
32    <uses-feature
32-->[:unityLibrary] AndroidManifest.xml:21:5-23:36
33        android:name="android.hardware.touchscreen"
33-->[:unityLibrary] AndroidManifest.xml:22:9-52
34        android:required="false" />
34-->[:unityLibrary] AndroidManifest.xml:23:9-33
35    <uses-feature
35-->[:unityLibrary] AndroidManifest.xml:24:5-26:36
36        android:name="android.hardware.touchscreen.multitouch"
36-->[:unityLibrary] AndroidManifest.xml:25:9-63
37        android:required="false" />
37-->[:unityLibrary] AndroidManifest.xml:26:9-33
38    <uses-feature
38-->[:unityLibrary] AndroidManifest.xml:27:5-29:36
39        android:name="android.hardware.touchscreen.multitouch.distinct"
39-->[:unityLibrary] AndroidManifest.xml:28:9-72
40        android:required="false" />
40-->[:unityLibrary] AndroidManifest.xml:29:9-33
41    <!--
42        Required by Vuforia: Add this permission to access IMU sensors at high rate
43        for device tracker functionality on Android 12+.
44    -->
45    <uses-permission android:name="android.permission.HIGH_SAMPLING_RATE_SENSORS" /> <!-- Required by Vuforia: Add this permission to allow checking of network. -->
45-->[:VuforiaEngine:] AndroidManifest.xml:16:5-85
45-->[:VuforiaEngine:] AndroidManifest.xml:16:22-82
46    <uses-permission android:name="android.permission.ACCESS_NETWORK_STATE" />
46-->[:VuforiaEngine:] AndroidManifest.xml:19:5-79
46-->[:VuforiaEngine:] AndroidManifest.xml:19:22-76
47
48    <application
48-->src\main\AndroidManifest.xml:3:3-126
49        android:appCategory="game"
49-->[:unityLibrary] AndroidManifest.xml:32:9-35
50        android:debuggable="true"
51        android:enableOnBackInvokedCallback="false"
51-->[:unityLibrary] AndroidManifest.xml:33:9-52
52        android:extractNativeLibs="true"
53        android:icon="@mipmap/app_icon"
53-->src\main\AndroidManifest.xml:3:16-47
54        android:label="@string/app_name"
54-->src\main\AndroidManifest.xml:3:48-80
55        android:roundIcon="@mipmap/app_icon_round"
55-->src\main\AndroidManifest.xml:3:81-123
56        android:testOnly="true" >
57        <meta-data
57-->[:unityLibrary] AndroidManifest.xml:35:9-37:33
58            android:name="unity.splash-mode"
58-->[:unityLibrary] AndroidManifest.xml:36:13-45
59            android:value="0" />
59-->[:unityLibrary] AndroidManifest.xml:37:13-30
60        <meta-data
60-->[:unityLibrary] AndroidManifest.xml:38:9-40:36
61            android:name="unity.splash-enable"
61-->[:unityLibrary] AndroidManifest.xml:39:13-47
62            android:value="True" />
62-->[:unityLibrary] AndroidManifest.xml:40:13-33
63        <meta-data
63-->[:unityLibrary] AndroidManifest.xml:41:9-43:36
64            android:name="unity.launch-fullscreen"
64-->[:unityLibrary] AndroidManifest.xml:42:13-51
65            android:value="True" />
65-->[:unityLibrary] AndroidManifest.xml:43:13-33
66        <meta-data
66-->[:unityLibrary] AndroidManifest.xml:44:9-46:36
67            android:name="unity.render-outside-safearea"
67-->[:unityLibrary] AndroidManifest.xml:45:13-57
68            android:value="True" />
68-->[:unityLibrary] AndroidManifest.xml:46:13-33
69        <meta-data
69-->[:unityLibrary] AndroidManifest.xml:47:9-49:50
70            android:name="notch.config"
70-->[:unityLibrary] AndroidManifest.xml:48:13-40
71            android:value="portrait|landscape" />
71-->[:unityLibrary] AndroidManifest.xml:49:13-47
72        <meta-data
72-->[:unityLibrary] AndroidManifest.xml:50:9-52:36
73            android:name="unity.auto-report-fully-drawn"
73-->[:unityLibrary] AndroidManifest.xml:51:13-57
74            android:value="true" />
74-->[:unityLibrary] AndroidManifest.xml:52:13-33
75        <meta-data
75-->[:unityLibrary] AndroidManifest.xml:53:9-55:37
76            android:name="unity.strip-engine-code"
76-->[:unityLibrary] AndroidManifest.xml:54:13-51
77            android:value="false" />
77-->[:unityLibrary] AndroidManifest.xml:55:13-34
78        <meta-data
78-->[:unityLibrary] AndroidManifest.xml:56:9-58:36
79            android:name="unity.auto-set-game-state"
79-->[:unityLibrary] AndroidManifest.xml:57:13-53
80            android:value="true" />
80-->[:unityLibrary] AndroidManifest.xml:58:13-33
81        <meta-data
81-->[:unityLibrary] AndroidManifest.xml:59:9-61:40
82            android:name="com.google.ar.core"
82-->[:unityLibrary] AndroidManifest.xml:60:13-46
83            android:value="optional" />
83-->[:unityLibrary] AndroidManifest.xml:61:13-37
84
85        <provider
85-->[:VuforiaEngine:] AndroidManifest.xml:25:9-33:20
86            android:name="com.vuforia.engine.app.VuforiaContentProvider"
86-->[:VuforiaEngine:] AndroidManifest.xml:26:13-73
87            android:authorities="com.vuforia.engine.VuforiaEngine.vuforia.share"
87-->[:VuforiaEngine:] AndroidManifest.xml:27:13-65
88            android:exported="false"
88-->[:VuforiaEngine:] AndroidManifest.xml:28:13-37
89            android:grantUriPermissions="true" >
89-->[:VuforiaEngine:] AndroidManifest.xml:29:13-47
90            <meta-data
90-->[:VuforiaEngine:] AndroidManifest.xml:30:13-32:53
91                android:name="android.support.FILE_PROVIDER_PATHS"
91-->[:VuforiaEngine:] AndroidManifest.xml:31:17-67
92                android:resource="@xml/filepaths" />
92-->[:VuforiaEngine:] AndroidManifest.xml:32:17-50
93        </provider>
94    </application>
95
96</manifest>